<?xml version="1.0" encoding="UTF-8"?>
<robot generator="Robot 6.1.1 (Python 3.12.1 on darwin)" generated="20240426 14:30:45.396" rpa="false" schemaversion="4">
<suite id="s1" name="Login" source="/Users/marcelosantosmacedo/Documents/Cursos/RobotFramework/LumaStore/tests/login.robot">
<test id="s1-t1" name="Caso de Teste 01 - Efetuar Login sem sucesso na plataforma LUMA" line="10">
<kw name="Abrir o navegador" library="base" type="SETUP">
<kw name="Open Browser" library="SeleniumLibrary">
<arg>browser=chrome</arg>
<doc>Opens a new browser instance to the optional ``url``.</doc>
<msg timestamp="20240426 14:30:45.594" level="INFO">Opening browser 'chrome' to base url 'None'.</msg>
<status status="PASS" starttime="20240426 14:30:45.594" endtime="20240426 14:30:48.072"/>
</kw>
<kw name="Maximize Browser Window" library="SeleniumLibrary">
<doc>Maximizes current browser window.</doc>
<status status="PASS" starttime="20240426 14:30:48.073" endtime="20240426 14:30:48.431"/>
</kw>
<status status="PASS" starttime="20240426 14:30:45.594" endtime="20240426 14:30:48.432"/>
</kw>
<kw name="Acessar a home page do site Luma" library="base">
<kw name="Go To" library="SeleniumLibrary">
<arg>url=${URL}</arg>
<doc>Navigates the current browser window to the provided ``url``.</doc>
<msg timestamp="20240426 14:30:48.433" level="INFO">Opening url 'https://magento.softwaretestingboard.com/'</msg>
<status status="PASS" starttime="20240426 14:30:48.432" endtime="20240426 14:30:49.445"/>
</kw>
<kw name="Wait Until Element Is Visible" library="SeleniumLibrary">
<arg>locator=${HEADER_HOME_TEXT}</arg>
<arg>timeout=5000</arg>
<doc>Waits until the element ``locator`` is visible.</doc>
<status status="PASS" starttime="20240426 14:30:49.447" endtime="20240426 14:30:52.510"/>
</kw>
<status status="PASS" starttime="20240426 14:30:48.432" endtime="20240426 14:30:52.510"/>
</kw>
<kw name="Clicar na opção Sign In" library="base">
<kw name="Click Element" library="SeleniumLibrary">
<arg>locator=${SIGN_IN_HOME_LINK}</arg>
<doc>Click the element identified by ``locator``.</doc>
<msg timestamp="20240426 14:30:52.511" level="INFO">Clicking element '(//a[contains(.,'Sign In')])[1]'.</msg>
<status status="PASS" starttime="20240426 14:30:52.510" endtime="20240426 14:30:54.531"/>
</kw>
<kw name="Wait Until Page Contains" library="SeleniumLibrary">
<arg>text=${SIGN_IN_PAGE}</arg>
<doc>Waits until ``text`` appears on the current page.</doc>
<status status="PASS" starttime="20240426 14:30:54.531" endtime="20240426 14:30:54.554"/>
</kw>
<status status="PASS" starttime="20240426 14:30:52.510" endtime="20240426 14:30:54.554"/>
</kw>
<kw name="Informar um e-mail e senha não cadastrado na plataforma" library="base">
<kw name="Input Text" library="SeleniumLibrary">
<arg>locator=//input[contains(@name,'login[username]')]</arg>
<arg>text=bluesoftteste@teste.com</arg>
<doc>Types the given ``text`` into the text field identified by ``locator``.</doc>
<msg timestamp="20240426 14:30:54.562" level="INFO">Typing text 'bluesoftteste@teste.com' into text field '//input[contains(@name,'login[username]')]'.</msg>
<status status="PASS" starttime="20240426 14:30:54.557" endtime="20240426 14:30:55.011"/>
</kw>
<kw name="Input Text" library="SeleniumLibrary">
<arg>locator=//input[contains(@name,'login[password]')]</arg>
<arg>text=1234</arg>
<doc>Types the given ``text`` into the text field identified by ``locator``.</doc>
<msg timestamp="20240426 14:30:55.012" level="INFO">Typing text '1234' into text field '//input[contains(@name,'login[password]')]'.</msg>
<status status="PASS" starttime="20240426 14:30:55.011" endtime="20240426 14:30:55.121"/>
</kw>
<status status="PASS" starttime="20240426 14:30:54.555" endtime="20240426 14:30:55.121"/>
</kw>
<kw name="Clicar no botão Sign In" library="base">
<kw name="Click Element" library="SeleniumLibrary">
<arg>locator=${SIGN_IN_BTN}</arg>
<doc>Click the element identified by ``locator``.</doc>
<msg timestamp="20240426 14:30:55.122" level="INFO">Clicking element '//button[contains(@class,'action login primary')]'.</msg>
<status status="PASS" starttime="20240426 14:30:55.121" endtime="20240426 14:30:57.326"/>
</kw>
<status status="PASS" starttime="20240426 14:30:55.121" endtime="20240426 14:30:57.326"/>
</kw>
<kw name="Verificar se está apresentando a mensagem de erro ao tentar logar" library="base">
<kw name="Wait Until Page Contains" library="SeleniumLibrary">
<arg>text=${INVALID_LOGIN_MSG}</arg>
<doc>Waits until ``text`` appears on the current page.</doc>
<status status="PASS" starttime="20240426 14:30:57.326" endtime="20240426 14:30:57.438"/>
</kw>
<status status="PASS" starttime="20240426 14:30:57.326" endtime="20240426 14:30:57.438"/>
</kw>
<kw name="Fechar o navegador" library="base" type="TEARDOWN">
<kw name="Capture Page Screenshot" library="SeleniumLibrary">
<doc>Takes a screenshot of the current page and embeds it into a log file.</doc>
<msg timestamp="20240426 14:30:57.676" level="INFO" html="true">&lt;/td&gt;&lt;/tr&gt;&lt;tr&gt;&lt;td colspan="3"&gt;&lt;a href="selenium-screenshot-13.png"&gt;&lt;img src="selenium-screenshot-13.png" width="800px"&gt;&lt;/a&gt;</msg>
<status status="PASS" starttime="20240426 14:30:57.439" endtime="20240426 14:30:57.676"/>
</kw>
<kw name="Close Browser" library="SeleniumLibrary">
<doc>Closes the current browser.</doc>
<status status="PASS" starttime="20240426 14:30:57.677" endtime="20240426 14:30:58.002"/>
</kw>
<status status="PASS" starttime="20240426 14:30:57.439" endtime="20240426 14:30:58.002"/>
</kw>
<doc>Esse teste verifica o comportamento da aplicação ao informar um usuário inválido</doc>
<tag>Login</tag>
<status status="PASS" starttime="20240426 14:30:45.593" endtime="20240426 14:30:58.002"/>
</test>
<doc>Essa suítes efetua testes na funcionalidade de login da plataforma Luma</doc>
<status status="PASS" starttime="20240426 14:30:45.398" endtime="20240426 14:30:58.004"/>
</suite>
<statistics>
<total>
<stat pass="1" fail="0" skip="0">All Tests</stat>
</total>
<tag>
<stat pass="1" fail="0" skip="0">Login</stat>
</tag>
<suite>
<stat pass="1" fail="0" skip="0" id="s1" name="Login">Login</stat>
</suite>
</statistics>
<errors>
</errors>
</robot>
