<?xml version="1.0" encoding="UTF-8"?>
<robot generator="Robot 6.1.1 (Python 3.12.1 on darwin)" generated="20240429 08:14:58.522" rpa="false" schemaversion="4">
<suite id="s1" name="Lumastore-Web-Robot" source="/Users/marcelosantosmacedo/Documents/GitHub/lumastore-web-robot">
<suite id="s1-s1" name="Tests" source="/Users/marcelosantosmacedo/Documents/GitHub/lumastore-web-robot/tests">
<suite id="s1-s1-s1" name="Luma Adicional" source="/Users/marcelosantosmacedo/Documents/GitHub/lumastore-web-robot/tests/luma_adicional.robot">
<test id="s1-s1-s1-t1" name="Caso de Teste 02 - Criar uma conta na tela de Login/Cadastro" line="25">
<kw name="Abrir o navegador" library="base" type="SETUP">
<kw name="Open Browser" library="SeleniumLibrary">
<arg>browser=chrome</arg>
<doc>Opens a new browser instance to the optional ``url``.</doc>
<msg timestamp="20240429 08:14:59.389" level="INFO">Opening browser 'chrome' to base url 'None'.</msg>
<status status="PASS" starttime="20240429 08:14:59.384" endtime="20240429 08:15:04.860"/>
</kw>
<kw name="Maximize Browser Window" library="SeleniumLibrary">
<doc>Maximizes current browser window.</doc>
<status status="PASS" starttime="20240429 08:15:04.862" endtime="20240429 08:15:05.300"/>
</kw>
<status status="PASS" starttime="20240429 08:14:59.380" endtime="20240429 08:15:05.300"/>
</kw>
<kw name="Acessar a home page do site Luma" library="base">
<kw name="Go To" library="SeleniumLibrary">
<arg>url=${URL}</arg>
<doc>Navigates the current browser window to the provided ``url``.</doc>
<msg timestamp="20240429 08:15:05.307" level="INFO">Opening url 'https://magento.softwaretestingboard.com/'</msg>
<status status="PASS" starttime="20240429 08:15:05.305" endtime="20240429 08:15:10.240"/>
</kw>
<kw name="Wait Until Element Is Visible" library="SeleniumLibrary">
<arg>locator=${HEADER_HOME_TEXT}</arg>
<arg>timeout=5000</arg>
<doc>Waits until the element ``locator`` is visible.</doc>
<status status="PASS" starttime="20240429 08:15:10.241" endtime="20240429 08:15:10.767"/>
</kw>
<status status="PASS" starttime="20240429 08:15:05.303" endtime="20240429 08:15:10.772"/>
</kw>
<kw name="Clicar na opção Create an Account da Home" library="home">
<kw name="Click Element" library="SeleniumLibrary">
<arg>locator=(//a[contains(.,'Create an Account')])[1]</arg>
<doc>Click the element identified by ``locator``.</doc>
<msg timestamp="20240429 08:15:10.775" level="INFO">Clicking element '(//a[contains(.,'Create an Account')])[1]'.</msg>
<status status="PASS" starttime="20240429 08:15:10.774" endtime="20240429 08:15:15.193"/>
</kw>
<kw name="Wait Until Page Contains" library="SeleniumLibrary">
<arg>text=${REGISTER_PAGE}</arg>
<doc>Waits until ``text`` appears on the current page.</doc>
<status status="PASS" starttime="20240429 08:15:15.194" endtime="20240429 08:15:15.280"/>
</kw>
<status status="PASS" starttime="20240429 08:15:10.772" endtime="20240429 08:15:15.281"/>
</kw>
<kw name="Informar Nome" library="register">
<kw name="First Name" library="FakerLibrary">
<var>${NOME}</var>
<msg timestamp="20240429 08:15:15.297" level="INFO">${NOME} = Bento</msg>
<status status="PASS" starttime="20240429 08:15:15.285" endtime="20240429 08:15:15.298"/>
</kw>
<kw name="Input Text" library="SeleniumLibrary">
<arg>locator=${FIRST_NAME}</arg>
<arg>text=${NOME}</arg>
<doc>Types the given ``text`` into the text field identified by ``locator``.</doc>
<msg timestamp="20240429 08:15:15.311" level="INFO">Typing text 'Bento' into text field '//input[contains(@name,'firstname')]'.</msg>
<status status="PASS" starttime="20240429 08:15:15.306" endtime="20240429 08:15:16.156"/>
</kw>
<status status="PASS" starttime="20240429 08:15:15.284" endtime="20240429 08:15:16.157"/>
</kw>
<kw name="Informar Sobrenome" library="register">
<kw name="Last Name" library="FakerLibrary">
<var>${SOBRENOME}</var>
<msg timestamp="20240429 08:15:16.160" level="INFO">${SOBRENOME} = Machado</msg>
<status status="PASS" starttime="20240429 08:15:16.159" endtime="20240429 08:15:16.161"/>
</kw>
<kw name="Input Text" library="SeleniumLibrary">
<arg>locator=${LAST_NAME}</arg>
<arg>text=${SOBRENOME}</arg>
<doc>Types the given ``text`` into the text field identified by ``locator``.</doc>
<msg timestamp="20240429 08:15:16.169" level="INFO">Typing text 'Machado' into text field '//input[contains(@name,'lastname')]'.</msg>
<status status="PASS" starttime="20240429 08:15:16.167" endtime="20240429 08:15:16.502"/>
</kw>
<status status="PASS" starttime="20240429 08:15:16.158" endtime="20240429 08:15:16.503"/>
</kw>
<kw name="Informar E-mail" library="register">
<kw name="Email" library="FakerLibrary">
<var>${EMAIL}</var>
<msg timestamp="20240429 08:15:16.507" level="INFO">${EMAIL} = anna-lizda-rocha@example.net</msg>
<status status="PASS" starttime="20240429 08:15:16.505" endtime="20240429 08:15:16.507"/>
</kw>
<kw name="Input Text" library="SeleniumLibrary">
<arg>locator=${E_MAIL}</arg>
<arg>text=${EMAIL}</arg>
<doc>Types the given ``text`` into the text field identified by ``locator``.</doc>
<msg timestamp="20240429 08:15:16.514" level="INFO">Typing text 'anna-lizda-rocha@example.net' into text field 'anna-lizda-rocha@example.net'.</msg>
<msg timestamp="20240429 08:15:17.180" level="INFO" html="true">&lt;/td&gt;&lt;/tr&gt;&lt;tr&gt;&lt;td colspan="3"&gt;&lt;a href="selenium-screenshot-12.png"&gt;&lt;img src="selenium-screenshot-12.png" width="800px"&gt;&lt;/a&gt;</msg>
<msg timestamp="20240429 08:15:17.181" level="FAIL">Element with locator 'anna-lizda-rocha@example.net' not found.</msg>
<status status="FAIL" starttime="20240429 08:15:16.508" endtime="20240429 08:15:17.195"/>
</kw>
<status status="FAIL" starttime="20240429 08:15:16.504" endtime="20240429 08:15:17.195"/>
</kw>
<kw name="Informar Senha e Confirmar Senha" library="register">
<status status="NOT RUN" starttime="20240429 08:15:17.197" endtime="20240429 08:15:17.197"/>
</kw>
<kw name="Clicar no botão Create and Account" library="register">
<status status="NOT RUN" starttime="20240429 08:15:17.197" endtime="20240429 08:15:17.198"/>
</kw>
<kw name="Fechar o navegador" library="base" type="TEARDOWN">
<kw name="Capture Page Screenshot" library="SeleniumLibrary">
<doc>Takes a screenshot of the current page and embeds it into a log file.</doc>
<msg timestamp="20240429 08:15:17.787" level="INFO" html="true">&lt;/td&gt;&lt;/tr&gt;&lt;tr&gt;&lt;td colspan="3"&gt;&lt;a href="selenium-screenshot-13.png"&gt;&lt;img src="selenium-screenshot-13.png" width="800px"&gt;&lt;/a&gt;</msg>
<status status="PASS" starttime="20240429 08:15:17.199" endtime="20240429 08:15:17.788"/>
</kw>
<kw name="Close Browser" library="SeleniumLibrary">
<doc>Closes the current browser.</doc>
<status status="PASS" starttime="20240429 08:15:17.792" endtime="20240429 08:15:18.747"/>
</kw>
<status status="PASS" starttime="20240429 08:15:17.198" endtime="20240429 08:15:18.747"/>
</kw>
<doc>Esse teste verifica o comportamento da aplicação ao informar um usuário inválido</doc>
<tag>Cadastro</tag>
<status status="FAIL" starttime="20240429 08:14:59.376" endtime="20240429 08:15:18.748">Element with locator 'anna-lizda-rocha@example.net' not found.</status>
</test>
<doc>Essa suíte trata-se de testes adicionais do desafio proposto</doc>
<status status="FAIL" starttime="20240429 08:14:58.588" endtime="20240429 08:15:18.750"/>
</suite>
<status status="FAIL" starttime="20240429 08:14:58.559" endtime="20240429 08:15:18.753"/>
</suite>
<status status="FAIL" starttime="20240429 08:14:58.527" endtime="20240429 08:15:18.755"/>
</suite>
<statistics>
<total>
<stat pass="0" fail="1" skip="0">All Tests</stat>
</total>
<tag>
<stat pass="0" fail="1" skip="0">Cadastro</stat>
</tag>
<suite>
<stat pass="0" fail="1" skip="0" id="s1" name="Lumastore-Web-Robot">Lumastore-Web-Robot</stat>
<stat pass="0" fail="1" skip="0" id="s1-s1" name="Tests">Lumastore-Web-Robot.Tests</stat>
<stat pass="0" fail="1" skip="0" id="s1-s1-s1" name="Luma Adicional">Lumastore-Web-Robot.Tests.Luma Adicional</stat>
</suite>
</statistics>
<errors>
</errors>
</robot>
